2026/06/18 21:44:43 backend listening on :8080
2026/06/18 21:46:24 GET / 404 0s
2026/06/18 21:47:24 OPTIONS /api/auth/forgot-password 204 0s
2026/06/18 21:47:24 POST /api/auth/forgot-password 200 85.3587ms
2026/06/18 21:47:43 OPTIONS /api/auth/login 204 0s
2026/06/18 21:47:43 POST /api/auth/login 200 4.1442ms
2026/06/18 21:47:43 OPTIONS /api/groups 204 0s
2026/06/18 21:47:43 OPTIONS /api/tasks 204 0s
2026/06/18 21:47:43 GET /api/groups 200 14.3036ms
2026/06/18 21:47:43 GET /api/tasks 200 57.7212ms
2026/06/18 21:48:10 OPTIONS /api/auth/me 204 0s
2026/06/18 21:48:10 GET /api/auth/me 200 1.6622ms
2026/06/18 21:48:13 OPTIONS /api/groups 204 0s
2026/06/18 21:48:13 OPTIONS /api/tasks 204 0s
2026/06/18 21:48:13 GET /api/groups 200 3.0963ms
2026/06/18 21:48:13 GET /api/tasks 200 4.448ms
2026/06/18 21:48:30 OPTIONS /api/auth/login 204 0s
2026/06/18 21:48:30 POST /api/auth/login 200 1.3365ms
2026/06/18 21:48:30 OPTIONS /api/groups 204 0s
2026/06/18 21:48:30 OPTIONS /api/tasks 204 0s
2026/06/18 21:48:30 GET /api/groups 200 1.86ms
2026/06/18 21:48:30 GET /api/tasks 200 5.7971ms
2026/06/18 21:48:35 OPTIONS /api/tasks/18 204 0s
2026/06/18 21:48:35 PUT /api/tasks/18 200 21.3321ms
2026/06/18 21:48:38 OPTIONS /api/tasks 204 0s
2026/06/18 21:48:38 GET /api/tasks 200 3.6151ms
2026/06/18 21:48:38 GET /api/tasks 200 4.3217ms
2026/06/18 21:48:43 OPTIONS /api/tasks 204 0s
2026/06/18 21:48:43 GET /api/tasks 200 3.8926ms
2026/06/18 21:48:44 GET /api/tasks 200 70.4932ms
2026/06/18 21:48:45 GET /api/tasks 200 3.6059ms
2026/06/18 21:48:46 OPTIONS /api/tasks 204 0s
2026/06/18 21:48:46 GET /api/tasks 200 3.0412ms
2026/06/18 21:48:49 GET /api/tasks 200 2.635ms
2026/06/18 21:48:50 GET /api/tasks 200 2.4572ms
2026/06/18 21:48:51 OPTIONS /api/tasks 204 0s
2026/06/18 21:48:51 GET /api/tasks 200 3.3581ms
2026/06/18 21:48:58 OPTIONS /api/tasks 204 0s
2026/06/18 21:48:58 GET /api/tasks 200 3.9948ms
2026/06/18 21:49:22 OPTIONS /api/auth/change-password 204 0s
2026/06/18 21:49:22 POST /api/auth/change-password 200 10.4682ms
2026/06/18 21:49:25 OPTIONS /api/groups 204 0s
2026/06/18 21:49:25 OPTIONS /api/tasks 204 0s
2026/06/18 21:49:25 GET /api/groups 200 1.8188ms
2026/06/18 21:49:25 GET /api/tasks 200 3.5451ms
2026/06/18 21:50:51 OPTIONS /api/auth/me 204 609.6µs
2026/06/18 21:50:51 GET /api/auth/me 200 1.0804ms
2026/06/18 21:50:51 OPTIONS /api/groups 204 0s
2026/06/18 21:50:51 OPTIONS /api/tasks 204 0s
2026/06/18 21:50:51 GET /api/groups 200 1.0582ms
2026/06/18 21:50:51 GET /api/tasks 200 3.6058ms
2026/06/18 21:50:51 OPTIONS /api/auth/me 204 0s
2026/06/18 21:50:51 GET /api/auth/me 200 1.4277ms
2026/06/18 21:50:58 OPTIONS /api/groups 204 0s
2026/06/18 21:50:58 OPTIONS /api/tasks 204 0s
2026/06/18 21:50:58 GET /api/groups 200 1.333ms
2026/06/18 21:50:58 GET /api/tasks 200 3.9866ms
2026/06/18 21:50:59 GET /api/tasks 200 3.9517ms
2026/06/18 21:51:04 OPTIONS /api/tasks 204 0s
2026/06/18 21:51:05 GET /api/tasks 200 9.8993ms
2026/06/18 21:51:05 GET /api/tasks 200 55.6046ms
2026/06/18 21:51:09 OPTIONS /api/tasks 204 0s
2026/06/18 21:51:09 GET /api/tasks 200 2.6927ms
2026/06/18 21:51:40 OPTIONS /api/tasks/6 204 0s
2026/06/18 21:51:40 PUT /api/tasks/6 200 16.3379ms
2026/06/18 21:51:52 OPTIONS /api/tasks 204 0s
2026/06/18 21:51:52 GET /api/tasks 200 3.2794ms
2026/06/18 21:52:18 OPTIONS /api/reminders 204 0s
2026/06/18 21:52:18 POST /api/reminders 201 21.3228ms
2026/06/18 21:53:25 OPTIONS /api/auth/me 204 0s
2026/06/18 21:53:25 GET /api/auth/me 200 508.9µs
2026/06/18 21:53:25 OPTIONS /api/auth/me 204 0s
2026/06/18 21:53:25 GET /api/auth/me 200 1.082ms
2026/06/18 21:53:25 OPTIONS /api/groups 204 0s
2026/06/18 21:53:25 OPTIONS /api/tasks 204 0s
2026/06/18 21:53:25 GET /api/groups 200 2.0484ms
2026/06/18 21:53:25 GET /api/tasks 200 2.8709ms
2026/06/18 21:53:25 OPTIONS /api/groups 204 0s
2026/06/18 21:53:25 OPTIONS /api/tasks 204 0s
2026/06/18 21:53:25 GET /api/groups 200 2.8587ms
2026/06/18 21:53:25 GET /api/tasks 200 2.3524ms
2026/06/18 21:53:32 OPTIONS /api/auth/me 204 0s
2026/06/18 21:53:32 GET /api/auth/me 200 1.6993ms
2026/06/18 21:53:32 OPTIONS /api/groups 204 0s
2026/06/18 21:53:32 OPTIONS /api/tasks 204 0s
2026/06/18 21:53:32 GET /api/groups 200 2.7328ms
2026/06/18 21:53:32 GET /api/tasks 200 5.5595ms
2026/06/18 21:53:44 OPTIONS /api/auth/me 204 0s
2026/06/18 21:53:44 GET /api/auth/me 200 508.9µs
2026/06/18 21:53:44 OPTIONS /api/auth/me 204 0s
2026/06/18 21:53:44 GET /api/auth/me 200 528.3µs
2026/06/18 21:53:44 OPTIONS /api/groups 204 0s
2026/06/18 21:53:44 OPTIONS /api/tasks 204 0s
2026/06/18 21:53:44 GET /api/groups 200 1.1032ms
2026/06/18 21:53:44 GET /api/tasks 200 2.7431ms
2026/06/18 21:53:44 OPTIONS /api/groups 204 0s
2026/06/18 21:53:44 OPTIONS /api/tasks 204 0s
2026/06/18 21:53:44 GET /api/groups 200 1.1466ms
2026/06/18 21:53:44 GET /api/tasks 200 2.4894ms
2026/06/18 21:56:02 OPTIONS /api/auth/me 204 0s
2026/06/18 21:56:02 GET /api/auth/me 200 1.7343ms
2026/06/18 21:56:02 OPTIONS /api/groups 204 0s
2026/06/18 21:56:02 OPTIONS /api/tasks 204 0s
2026/06/18 21:56:02 GET /api/groups 200 1.0812ms
2026/06/18 21:56:02 GET /api/tasks 200 3.1007ms
2026/06/18 21:56:02 OPTIONS /api/auth/me 204 0s
2026/06/18 21:56:02 GET /api/auth/me 200 1.0864ms
2026/06/18 21:56:02 OPTIONS /api/groups 204 0s
2026/06/18 21:56:02 OPTIONS /api/tasks 204 802.2µs
2026/06/18 21:56:02 GET /api/groups 200 1.2586ms
2026/06/18 21:56:02 GET /api/tasks 200 2.8322ms
2026/06/18 21:56:08 OPTIONS /api/auth/me 204 0s
2026/06/18 21:56:08 GET /api/auth/me 200 1.3251ms
2026/06/18 21:56:08 OPTIONS /api/groups 204 0s
2026/06/18 21:56:08 OPTIONS /api/tasks 204 0s
2026/06/18 21:56:08 GET /api/groups 200 2.1162ms
2026/06/18 21:56:08 GET /api/tasks 200 3.1594ms
2026/06/18 21:56:48 OPTIONS /api/auth/me 204 0s
2026/06/18 21:56:48 GET /api/auth/me 200 1.0828ms
2026/06/18 21:56:48 OPTIONS /api/auth/me 204 0s
2026/06/18 21:56:48 OPTIONS /api/groups 204 0s
2026/06/18 21:56:48 OPTIONS /api/tasks 204 0s
2026/06/18 21:56:48 GET /api/auth/me 200 509.4µs
2026/06/18 21:56:48 GET /api/groups 200 1.0678ms
2026/06/18 21:56:48 GET /api/tasks 200 2.3428ms
2026/06/18 21:56:48 OPTIONS /api/groups 204 0s
2026/06/18 21:56:48 OPTIONS /api/tasks 204 0s
2026/06/18 21:56:48 GET /api/groups 200 1.3598ms
2026/06/18 21:56:48 GET /api/tasks 200 2.4023ms
2026/06/18 21:56:59 OPTIONS /api/auth/me 204 0s
2026/06/18 21:56:59 GET /api/auth/me 200 1.2616ms
2026/06/18 21:56:59 OPTIONS /api/groups 204 0s
2026/06/18 21:56:59 OPTIONS /api/tasks 204 0s
2026/06/18 21:56:59 GET /api/groups 200 2.6936ms
2026/06/18 21:56:59 GET /api/tasks 200 5.0585ms
2026/06/18 21:57:07 OPTIONS /api/tasks 204 0s
2026/06/18 21:57:07 GET /api/tasks 200 3.5139ms
2026/06/18 21:57:12 OPTIONS /api/tasks 204 0s
2026/06/18 21:57:13 GET /api/tasks 200 4.1279ms
2026/06/18 21:57:21 OPTIONS /api/tasks 204 0s
2026/06/18 21:57:21 GET /api/tasks 200 3.3885ms
2026/06/18 21:57:45 OPTIONS /api/tasks/7 204 0s
2026/06/18 21:57:45 DELETE /api/tasks/7 200 25.1098ms
2026/06/18 21:57:47 OPTIONS /api/tasks/17 204 0s
2026/06/18 21:57:47 DELETE /api/tasks/17 200 7.3874ms
2026/06/18 21:57:48 OPTIONS /api/tasks/18 204 0s
2026/06/18 21:57:48 DELETE /api/tasks/18 200 8.8671ms
2026/06/18 21:58:00 OPTIONS /api/tasks/12 204 0s
2026/06/18 21:58:00 PUT /api/tasks/12 200 15.1657ms
2026/06/18 21:58:06 OPTIONS /api/tasks 204 0s
2026/06/18 21:58:06 GET /api/tasks 200 2.4321ms
2026/06/18 21:58:18 OPTIONS /api/tasks 204 1.0115ms
2026/06/18 21:58:18 POST /api/tasks 201 18.5139ms
2026/06/18 21:58:27 OPTIONS /api/tasks 204 0s
2026/06/18 21:58:27 POST /api/tasks 201 9.4645ms
2026/06/18 21:58:31 OPTIONS /api/tasks 204 1.014ms
2026/06/18 21:58:31 GET /api/tasks 200 3.3197ms
2026/06/18 21:58:32 OPTIONS /api/tasks 204 0s
2026/06/18 21:58:32 GET /api/tasks 200 2.9141ms
2026/06/18 21:58:44 OPTIONS /api/tasks 204 0s
2026/06/18 21:58:44 POST /api/tasks 201 11.6373ms
2026/06/18 21:58:56 OPTIONS /api/auth/login 204 0s
2026/06/18 21:58:56 POST /api/auth/login 200 2.8005ms
2026/06/18 21:58:56 OPTIONS /api/groups 204 0s
2026/06/18 21:58:56 OPTIONS /api/tasks 204 0s
2026/06/18 21:58:56 GET /api/groups 200 1.0415ms
2026/06/18 21:58:56 GET /api/tasks 200 3.4596ms
2026/06/18 21:59:02 OPTIONS /api/tasks/21 204 0s
2026/06/18 21:59:02 PUT /api/tasks/21 200 13.4202ms
2026/06/18 21:59:04 DELETE /api/tasks/21 200 61.0703ms
